{"level":"info","message":"fs... 353","timestamp":"2017-05-25T11:12:56.875Z"}
{"level":"info","message":"express... 1562","timestamp":"2017-05-25T11:12:58.082Z"}
{"level":"info","message":"path... 1563","timestamp":"2017-05-25T11:12:58.082Z"}
{"level":"info","message":"body-parser... 1568","timestamp":"2017-05-25T11:12:58.087Z"}
{"level":"info","message":"cookie-parser... 1583","timestamp":"2017-05-25T11:12:58.102Z"}
{"level":"info","message":"request... 3462","timestamp":"2017-05-25T11:12:59.981Z"}
{"level":"info","message":"buffer... 3462","timestamp":"2017-05-25T11:12:59.981Z"}
{"level":"info","message":"iconv-lite... 3506","timestamp":"2017-05-25T11:13:00.025Z"}
{"level":"info","message":"xml2js... 4978","timestamp":"2017-05-25T11:13:01.497Z"}
{"level":"info","message":"http... 4982","timestamp":"2017-05-25T11:13:01.501Z"}
{"level":"info","message":"socket.io... 7418","timestamp":"2017-05-25T11:13:03.937Z"}
{"level":"info","message":"./dataBase... 7760","timestamp":"2017-05-25T11:13:04.279Z"}
{"level":"info","message":"tryLoadConfiguration... 7761","timestamp":"2017-05-25T11:13:04.280Z"}
{"level":"info","message":"tryDBConnect... 7761","timestamp":"2017-05-25T11:13:04.280Z"}
{"level":"info","message":"end app 9009","timestamp":"2017-05-25T11:13:05.528Z"}
{"level":"info","message":"server runs on port 8082 9015","timestamp":"2017-05-25T11:13:05.534Z"}
{"level":"info","message":"tryDBConnect DBConnectError=","timestamp":"2017-05-25T11:13:05.574Z"}
{"level":"info","message":"URL: /sysadmin","timestamp":"2017-05-25T11:13:13.649Z"}
{"level":"info","message":"URL: /sysadmin/app_state","timestamp":"2017-05-25T11:13:15.313Z"}
{"level":"info","message":"URL: /sysadmin/import_sales","timestamp":"2017-05-25T11:13:17.704Z"}
{"level":"info","message":"URL: /sysadmin/import_sales/get_sales   sCashBoxesList = ,3, bdate = 201704130000 edate = 201704272359","timestamp":"2017-05-25T11:13:22.882Z"}
{"level":"info","message":"Найдено служенбное внесение на сумму 10 от 20170413080820","timestamp":"2017-05-25T11:13:25.840Z"}
{"level":"info","message":"Найдена служеная выдача  на сумму 576.5 от 20170413190346","timestamp":"2017-05-25T11:13:25.848Z"}
{"level":"info","message":"Найдено служенбное внесение на сумму 10 от 20170414080510","timestamp":"2017-05-25T11:13:25.855Z"}
{"level":"info","message":"Найдена служеная выдача  на сумму 707.3 от 20170414184016","timestamp":"2017-05-25T11:13:25.862Z"}
{"level":"info","message":"Найдено служенбное внесение на сумму 10 от 20170415074146","timestamp":"2017-05-25T11:13:25.868Z"}
{"level":"info","message":"Найдена служеная выдача  на сумму 805.1 от 20170415183238","timestamp":"2017-05-25T11:13:25.874Z"}
{"level":"info","message":"Найдено служенбное внесение на сумму 10 от 20170416100238","timestamp":"2017-05-25T11:13:25.882Z"}
{"level":"info","message":"Найдена служеная выдача  на сумму 359.7 от 20170416141036","timestamp":"2017-05-25T11:13:25.894Z"}
{"level":"info","message":"Найдено служенбное внесение на сумму 10 от 20170417074920","timestamp":"2017-05-25T11:13:25.901Z"}
{"level":"info","message":"Найдена служеная выдача  на сумму 563.1 от 20170417185844","timestamp":"2017-05-25T11:13:25.908Z"}
{"level":"info","message":"Найдено служенбное внесение на сумму 10 от 20170418080536","timestamp":"2017-05-25T11:13:25.914Z"}
{"level":"info","message":"Найдена служеная выдача  на сумму 426.2 от 20170418171748","timestamp":"2017-05-25T11:13:25.920Z"}
{"level":"info","message":"Найдено служенбное внесение на сумму 10 от 20170419074122","timestamp":"2017-05-25T11:13:25.927Z"}
{"level":"info","message":"Найдена служеная выдача  на сумму 567.2 от 20170419190018","timestamp":"2017-05-25T11:13:25.933Z"}
{"level":"info","message":"Найдено служенбное внесение на сумму 10 от 20170420074534","timestamp":"2017-05-25T11:13:25.940Z"}
{"level":"info","message":"Найдена служеная выдача  на сумму 507.45 от 20170420191042","timestamp":"2017-05-25T11:13:25.945Z"}
{"level":"info","message":"Найдено служенбное внесение на сумму 10 от 20170421075504","timestamp":"2017-05-25T11:13:25.955Z"}
{"level":"info","message":"Найдена служеная выдача  на сумму 606.5 от 20170421184738","timestamp":"2017-05-25T11:13:25.962Z"}
{"level":"info","message":"Найдено служенбное внесение на сумму 10 от 20170422075532","timestamp":"2017-05-25T11:13:25.967Z"}
{"level":"info","message":"Найдена служеная выдача  на сумму 613.3 от 20170422182524","timestamp":"2017-05-25T11:13:25.974Z"}
{"level":"info","message":"Найдено служенбное внесение на сумму 10 от 20170423101936","timestamp":"2017-05-25T11:13:25.980Z"}
{"level":"info","message":"Найдена служеная выдача  на сумму 670.9 от 20170423161826","timestamp":"2017-05-25T11:13:25.985Z"}
{"level":"info","message":"Найдено служенбное внесение на сумму 10 от 20170424075654","timestamp":"2017-05-25T11:13:25.992Z"}
{"level":"info","message":"Найдена служеная выдача  на сумму 535.5 от 20170424182432","timestamp":"2017-05-25T11:13:25.999Z"}
{"level":"info","message":"Найдено служенбное внесение на сумму 10 от 20170425073728","timestamp":"2017-05-25T11:13:26.005Z"}
{"level":"info","message":"Найдена служеная выдача  на сумму 514.9 от 20170425184006","timestamp":"2017-05-25T11:13:26.011Z"}
{"level":"info","message":"Найдено служенбное внесение на сумму 10 от 20170426075608","timestamp":"2017-05-25T11:13:26.016Z"}
{"level":"info","message":"Найдена служеная выдача  на сумму 658.55 от 20170426183302","timestamp":"2017-05-25T11:13:26.022Z"}
{"level":"info","message":"Найдено служенбное внесение на сумму 10 от 20170427075738","timestamp":"2017-05-25T11:13:26.029Z"}
{"level":"info","message":"Найдена служеная выдача  на сумму 550.6 от 20170427183208","timestamp":"2017-05-25T11:13:26.035Z"}
{"level":"info","message":"Найден Z-Отчет №1202 от 20170413213000","timestamp":"2017-05-25T11:13:26.050Z"}
{"level":"info","message":"Найден Z-Отчет №1203 от 20170414221812","timestamp":"2017-05-25T11:13:26.061Z"}
{"level":"info","message":"Найден Z-Отчет №1204 от 20170415215854","timestamp":"2017-05-25T11:13:26.071Z"}
{"level":"info","message":"Найден Z-Отчет №1205 от 20170416165356","timestamp":"2017-05-25T11:13:26.083Z"}
{"level":"info","message":"Найден Z-Отчет №1206 от 20170417213356","timestamp":"2017-05-25T11:13:26.094Z"}
{"level":"info","message":"Найден Z-Отчет №1207 от 20170418180912","timestamp":"2017-05-25T11:13:26.106Z"}
{"level":"info","message":"Найден Z-Отчет №1208 от 20170419212754","timestamp":"2017-05-25T11:13:26.123Z"}
{"level":"info","message":"Найден Z-Отчет №1209 от 20170420205924","timestamp":"2017-05-25T11:13:26.131Z"}
{"level":"info","message":"Найден Z-Отчет №1210 от 20170421205354","timestamp":"2017-05-25T11:13:26.142Z"}
{"level":"info","message":"Найден Z-Отчет №1211 от 20170422204656","timestamp":"2017-05-25T11:13:26.153Z"}
{"level":"info","message":"Найден Z-Отчет №1212 от 20170423192106","timestamp":"2017-05-25T11:13:26.163Z"}
{"level":"info","message":"Найден Z-Отчет №1213 от 20170424202500","timestamp":"2017-05-25T11:13:26.172Z"}
{"level":"info","message":"Найден Z-Отчет №1214 от 20170425202648","timestamp":"2017-05-25T11:13:26.182Z"}
{"level":"info","message":"Найден Z-Отчет №1215 от 20170426203606","timestamp":"2017-05-25T11:13:26.192Z"}
{"level":"info","message":"Найден Z-Отчет №1216 от 20170427205706","timestamp":"2017-05-25T11:13:26.203Z"}
{"level":"info","message":"URL: /sysadmin/import_sales/get_sales   sCashBoxesList = ,3, bdate = 201704130000 edate = 201704272359","timestamp":"2017-05-25T11:13:51.757Z"}
{"level":"info","message":"Найдено служенбное внесение на сумму 10 от 20170413080820","timestamp":"2017-05-25T11:13:56.923Z"}
{"level":"info","message":"Служеная выдача  на сумму 576.5 от 20170413190346 записана в БД","timestamp":"2017-05-25T11:13:56.934Z"}
{"level":"info","message":"Служенбное внесение на сумму 10 от 20170414080510 записано в БД","timestamp":"2017-05-25T11:13:56.946Z"}
{"level":"info","message":"Служеная выдача  на сумму 707.3 от 20170414184016 записана в БД","timestamp":"2017-05-25T11:13:56.956Z"}
{"level":"info","message":"Служенбное внесение на сумму 10 от 20170415074146 записано в БД","timestamp":"2017-05-25T11:13:56.966Z"}
{"level":"info","message":"Служеная выдача  на сумму 805.1 от 20170415183238 записана в БД","timestamp":"2017-05-25T11:13:56.976Z"}
{"level":"info","message":"Служенбное внесение на сумму 10 от 20170416100238 записано в БД","timestamp":"2017-05-25T11:13:56.988Z"}
{"level":"info","message":"Служеная выдача  на сумму 359.7 от 20170416141036 записана в БД","timestamp":"2017-05-25T11:13:57.002Z"}
{"level":"info","message":"Служенбное внесение на сумму 10 от 20170417074920 записано в БД","timestamp":"2017-05-25T11:13:57.012Z"}
{"level":"info","message":"Служеная выдача  на сумму 563.1 от 20170417185844 записана в БД","timestamp":"2017-05-25T11:13:57.032Z"}
{"level":"info","message":"Служенбное внесение на сумму 10 от 20170418080536 записано в БД","timestamp":"2017-05-25T11:13:57.043Z"}
{"level":"info","message":"Служеная выдача  на сумму 426.2 от 20170418171748 записана в БД","timestamp":"2017-05-25T11:13:57.053Z"}
{"level":"info","message":"Служенбное внесение на сумму 10 от 20170419074122 записано в БД","timestamp":"2017-05-25T11:13:57.063Z"}
{"level":"info","message":"Служеная выдача  на сумму 567.2 от 20170419190018 записана в БД","timestamp":"2017-05-25T11:13:57.073Z"}
{"level":"info","message":"Служенбное внесение на сумму 10 от 20170420074534 записано в БД","timestamp":"2017-05-25T11:13:57.083Z"}
{"level":"info","message":"Служеная выдача  на сумму 507.45 от 20170420191042 записана в БД","timestamp":"2017-05-25T11:13:57.097Z"}
{"level":"info","message":"Служенбное внесение на сумму 10 от 20170421075504 записано в БД","timestamp":"2017-05-25T11:13:57.108Z"}
{"level":"info","message":"Служеная выдача  на сумму 606.5 от 20170421184738 записана в БД","timestamp":"2017-05-25T11:13:57.118Z"}
{"level":"info","message":"Служенбное внесение на сумму 10 от 20170422075532 записано в БД","timestamp":"2017-05-25T11:13:57.129Z"}
{"level":"info","message":"Служеная выдача  на сумму 613.3 от 20170422182524 записана в БД","timestamp":"2017-05-25T11:13:57.138Z"}
{"level":"info","message":"Служенбное внесение на сумму 10 от 20170423101936 записано в БД","timestamp":"2017-05-25T11:13:57.149Z"}
{"level":"info","message":"Служеная выдача  на сумму 670.9 от 20170423161826 записана в БД","timestamp":"2017-05-25T11:13:57.159Z"}
{"level":"info","message":"Служенбное внесение на сумму 10 от 20170424075654 записано в БД","timestamp":"2017-05-25T11:13:57.170Z"}
{"level":"info","message":"Служеная выдача  на сумму 535.5 от 20170424182432 записана в БД","timestamp":"2017-05-25T11:13:57.185Z"}
{"level":"info","message":"Служенбное внесение на сумму 10 от 20170425073728 записано в БД","timestamp":"2017-05-25T11:13:57.195Z"}
{"level":"info","message":"Служеная выдача  на сумму 514.9 от 20170425184006 записана в БД","timestamp":"2017-05-25T11:13:57.205Z"}
{"level":"info","message":"Служенбное внесение на сумму 10 от 20170426075608 записано в БД","timestamp":"2017-05-25T11:13:57.215Z"}
{"level":"info","message":"Служеная выдача  на сумму 658.55 от 20170426183302 записана в БД","timestamp":"2017-05-25T11:13:57.227Z"}
{"level":"info","message":"Служенбное внесение на сумму 10 от 20170427075738 записано в БД","timestamp":"2017-05-25T11:13:57.243Z"}
{"level":"info","message":"Служеная выдача  на сумму 550.6 от 20170427183208 записана в БД","timestamp":"2017-05-25T11:13:57.252Z"}
{"level":"info","message":"Добавлен Z-Отчет №1202 от 20170413213000","timestamp":"2017-05-25T11:13:57.284Z"}
{"level":"info","message":"Добавлен Z-Отчет №1203 от 20170414221812","timestamp":"2017-05-25T11:13:57.304Z"}
{"level":"info","message":"Добавлен Z-Отчет №1204 от 20170415215854","timestamp":"2017-05-25T11:13:57.326Z"}
{"level":"info","message":"Добавлен Z-Отчет №1205 от 20170416165356","timestamp":"2017-05-25T11:13:57.346Z"}
{"level":"info","message":"Добавлен Z-Отчет №1206 от 20170417213356","timestamp":"2017-05-25T11:13:57.369Z"}
{"level":"info","message":"Добавлен Z-Отчет №1207 от 20170418180912","timestamp":"2017-05-25T11:13:57.388Z"}
{"level":"info","message":"Добавлен Z-Отчет №1208 от 20170419212754","timestamp":"2017-05-25T11:13:57.407Z"}
{"level":"info","message":"Добавлен Z-Отчет №1209 от 20170420205924","timestamp":"2017-05-25T11:13:57.425Z"}
{"level":"info","message":"Добавлен Z-Отчет №1210 от 20170421205354","timestamp":"2017-05-25T11:13:57.443Z"}
{"level":"info","message":"Добавлен Z-Отчет №1211 от 20170422204656","timestamp":"2017-05-25T11:13:57.474Z"}
{"level":"info","message":"Добавлен Z-Отчет №1212 от 20170423192106","timestamp":"2017-05-25T11:13:57.496Z"}
{"level":"info","message":"Добавлен Z-Отчет №1213 от 20170424202500","timestamp":"2017-05-25T11:13:57.516Z"}
{"level":"info","message":"Добавлен Z-Отчет №1214 от 20170425202648","timestamp":"2017-05-25T11:13:57.535Z"}
{"level":"info","message":"Добавлен Z-Отчет №1215 от 20170426203606","timestamp":"2017-05-25T11:13:57.554Z"}
{"level":"info","message":"Добавлен Z-Отчет №1216 от 20170427205706","timestamp":"2017-05-25T11:13:57.572Z"}
{"level":"info","message":"URL: /sysadmin/startup_parameters","timestamp":"2017-05-25T11:18:03.444Z"}
{"level":"info","message":"URL: /sysadmin/startup_parameters/get_app_config","timestamp":"2017-05-25T11:18:03.498Z"}
{"server":"192.168.0.93","port":"1433","database":"GMSSample38xml","user":"sa1","password":"GMSgms123","cashserver.url":"5.53.113.251","cashserver.port":"12702","level":"info","message":"URL: /sysadmin/startup_parameters/store_app_config_and_reconnect newDBConfigString =","timestamp":"2017-05-25T11:18:06.772Z"}
{"level":"info","message":"tryDBConnect... 310256","timestamp":"2017-05-25T11:18:06.776Z"}
{"level":"info","message":"tryDBConnect DBConnectError= Failed to connect to database! Reason:Ошибка входа пользователя \"sa1\".","timestamp":"2017-05-25T11:18:06.814Z"}
{"level":"info","message":"URL: /sysadmin/app_state","timestamp":"2017-05-25T11:18:06.825Z"}
{"server":"192.168.0.93","port":"1433","database":"GMSSample38xml","user":"sa","password":"GMSgms123","cashserver.url":"5.53.113.251","cashserver.port":"12702","level":"info","message":"URL: /sysadmin/startup_parameters/store_app_config_and_reconnect newDBConfigString =","timestamp":"2017-05-25T11:18:10.022Z"}
{"level":"info","message":"tryDBConnect... 313505","timestamp":"2017-05-25T11:18:10.024Z"}
{"level":"info","message":"tryDBConnect DBConnectError=","timestamp":"2017-05-25T11:18:10.049Z"}
{"level":"info","message":"URL: /sysadmin/app_state","timestamp":"2017-05-25T11:18:10.058Z"}
{"level":"info","message":"URL: /sysadmin/import_sales","timestamp":"2017-05-25T11:43:44.583Z"}
{"level":"info","message":"URL: /sysadmin/import_sales/get_sales   sCashBoxesList = ,3, bdate = 201704130000 edate = 201704272359","timestamp":"2017-05-25T11:48:55.549Z"}
{"level":"info","message":"Найдено служенбное внесение на сумму 10 от 20170413080820","timestamp":"2017-05-25T11:48:58.666Z"}
{"level":"info","message":"Найдена служеная выдача  на сумму 576.5 от 20170413190346","timestamp":"2017-05-25T11:48:58.674Z"}
{"level":"info","message":"Найдено служенбное внесение на сумму 10 от 20170414080510","timestamp":"2017-05-25T11:48:58.682Z"}
{"level":"info","message":"Найдена служеная выдача  на сумму 707.3 от 20170414184016","timestamp":"2017-05-25T11:48:58.689Z"}
{"level":"info","message":"Найдено служенбное внесение на сумму 10 от 20170415074146","timestamp":"2017-05-25T11:48:58.700Z"}
{"level":"info","message":"Найдена служеная выдача  на сумму 805.1 от 20170415183238","timestamp":"2017-05-25T11:48:58.709Z"}
{"level":"info","message":"Найдено служенбное внесение на сумму 10 от 20170416100238","timestamp":"2017-05-25T11:48:58.716Z"}
{"level":"info","message":"Найдена служеная выдача  на сумму 359.7 от 20170416141036","timestamp":"2017-05-25T11:48:58.724Z"}
{"level":"info","message":"Найдено служенбное внесение на сумму 10 от 20170417074920","timestamp":"2017-05-25T11:48:58.734Z"}
{"level":"info","message":"Найдена служеная выдача  на сумму 563.1 от 20170417185844","timestamp":"2017-05-25T11:48:58.750Z"}
{"level":"info","message":"Найдено служенбное внесение на сумму 10 от 20170418080536","timestamp":"2017-05-25T11:48:58.758Z"}
{"level":"info","message":"Найдена служеная выдача  на сумму 426.2 от 20170418171748","timestamp":"2017-05-25T11:48:58.764Z"}
{"level":"info","message":"Найдено служенбное внесение на сумму 10 от 20170419074122","timestamp":"2017-05-25T11:48:58.770Z"}
{"level":"info","message":"Найдена служеная выдача  на сумму 567.2 от 20170419190018","timestamp":"2017-05-25T11:48:58.777Z"}
{"level":"info","message":"Найдено служенбное внесение на сумму 10 от 20170420074534","timestamp":"2017-05-25T11:48:58.783Z"}
{"level":"info","message":"Найдена служеная выдача  на сумму 507.45 от 20170420191042","timestamp":"2017-05-25T11:48:58.789Z"}
{"level":"info","message":"Найдено служенбное внесение на сумму 10 от 20170421075504","timestamp":"2017-05-25T11:48:58.797Z"}
{"level":"info","message":"Найдена служеная выдача  на сумму 606.5 от 20170421184738","timestamp":"2017-05-25T11:48:58.803Z"}
{"level":"info","message":"Найдено служенбное внесение на сумму 10 от 20170422075532","timestamp":"2017-05-25T11:48:58.810Z"}
{"level":"info","message":"Найдена служеная выдача  на сумму 613.3 от 20170422182524","timestamp":"2017-05-25T11:48:58.817Z"}
{"level":"info","message":"Найдено служенбное внесение на сумму 10 от 20170423101936","timestamp":"2017-05-25T11:48:58.826Z"}
{"level":"info","message":"Найдена служеная выдача  на сумму 670.9 от 20170423161826","timestamp":"2017-05-25T11:48:58.832Z"}
{"level":"info","message":"Найдено служенбное внесение на сумму 10 от 20170424075654","timestamp":"2017-05-25T11:48:58.839Z"}
{"level":"info","message":"Найдена служеная выдача  на сумму 535.5 от 20170424182432","timestamp":"2017-05-25T11:48:58.846Z"}
{"level":"info","message":"Найдено служенбное внесение на сумму 10 от 20170425073728","timestamp":"2017-05-25T11:48:58.853Z"}
{"level":"info","message":"Найдена служеная выдача  на сумму 514.9 от 20170425184006","timestamp":"2017-05-25T11:48:58.859Z"}
{"level":"info","message":"Найдено служенбное внесение на сумму 10 от 20170426075608","timestamp":"2017-05-25T11:48:58.865Z"}
{"level":"info","message":"Найдена служеная выдача  на сумму 658.55 от 20170426183302","timestamp":"2017-05-25T11:48:58.872Z"}
{"level":"info","message":"Найдено служенбное внесение на сумму 10 от 20170427075738","timestamp":"2017-05-25T11:48:58.878Z"}
{"level":"info","message":"Найдена служеная выдача  на сумму 550.6 от 20170427183208","timestamp":"2017-05-25T11:48:58.884Z"}
{"level":"info","message":"Найден Z-Отчет №1202 от 20170413213000","timestamp":"2017-05-25T11:48:58.901Z"}
{"level":"info","message":"Найден Z-Отчет №1203 от 20170414221812","timestamp":"2017-05-25T11:48:58.913Z"}
{"level":"info","message":"Найден Z-Отчет №1204 от 20170415215854","timestamp":"2017-05-25T11:48:58.923Z"}
{"level":"info","message":"Найден Z-Отчет №1205 от 20170416165356","timestamp":"2017-05-25T11:48:58.932Z"}
{"level":"info","message":"Найден Z-Отчет №1206 от 20170417213356","timestamp":"2017-05-25T11:48:58.943Z"}
{"level":"info","message":"Найден Z-Отчет №1207 от 20170418180912","timestamp":"2017-05-25T11:48:58.954Z"}
{"level":"info","message":"Найден Z-Отчет №1208 от 20170419212754","timestamp":"2017-05-25T11:48:58.964Z"}
{"level":"info","message":"Найден Z-Отчет №1209 от 20170420205924","timestamp":"2017-05-25T11:48:58.978Z"}
{"level":"info","message":"Найден Z-Отчет №1210 от 20170421205354","timestamp":"2017-05-25T11:48:58.989Z"}
{"level":"info","message":"Найден Z-Отчет №1211 от 20170422204656","timestamp":"2017-05-25T11:48:59.000Z"}
{"level":"info","message":"Найден Z-Отчет №1212 от 20170423192106","timestamp":"2017-05-25T11:48:59.010Z"}
{"level":"info","message":"Найден Z-Отчет №1213 от 20170424202500","timestamp":"2017-05-25T11:48:59.022Z"}
{"level":"info","message":"Найден Z-Отчет №1214 от 20170425202648","timestamp":"2017-05-25T11:48:59.033Z"}
{"level":"info","message":"Найден Z-Отчет №1215 от 20170426203606","timestamp":"2017-05-25T11:48:59.043Z"}
{"level":"info","message":"Найден Z-Отчет №1216 от 20170427205706","timestamp":"2017-05-25T11:48:59.057Z"}
{"level":"info","message":"URL: /sysadmin","timestamp":"2017-05-25T12:44:13.002Z"}
{"level":"info","message":"URL: /sysadmin/app_state","timestamp":"2017-05-25T12:44:14.803Z"}
